191216 16:09:47 [Note] Plugin 'FEDERATED' is disabled.
191216 16:09:47  InnoDB: Initializing buffer pool, size = 8.0M
191216 16:09:47  InnoDB: Completed initialization of buffer pool
InnoDB: The first specified data file .\ibdata1 did not exist:
InnoDB: a new database to be created!
191216 16:09:47  InnoDB: Setting file .\ibdata1 size to 10 MB
InnoDB: Database physically writes the file full: wait...
191216 16:09:47  InnoDB: Log file .\ib_logfile0 did not exist: new to be created
InnoDB: Setting log file .\ib_logfile0 size to 5 MB
InnoDB: Database physically writes the file full: wait...
191216 16:09:47  InnoDB: Log file .\ib_logfile1 did not exist: new to be created
InnoDB: Setting log file .\ib_logfile1 size to 5 MB
InnoDB: Database physically writes the file full: wait...
InnoDB: Doublewrite buffer not found: creating new
InnoDB: Doublewrite buffer created
InnoDB: Creating foreign key constraint system tables
InnoDB: Foreign key constraint system tables created
191216 16:09:47  InnoDB: Started; log sequence number 0 0
191216 17:40:38 [Note] Plugin 'FEDERATED' is disabled.
191216 17:40:38  InnoDB: Initializing buffer pool, size = 8.0M
191216 17:40:38  InnoDB: Completed initialization of buffer pool
191216 17:40:38  InnoDB: Started; log sequence number 0 44233
191216 17:40:50 [Note] Plugin 'FEDERATED' is disabled.
191216 17:40:50  InnoDB: Initializing buffer pool, size = 8.0M
191216 17:40:50  InnoDB: Completed initialization of buffer pool
191216 17:40:50  InnoDB: Started; log sequence number 0 44233
191216 17:41:30 [Note] Plugin 'FEDERATED' is disabled.
191216 17:41:30  InnoDB: Initializing buffer pool, size = 8.0M
191216 17:41:30  InnoDB: Completed initialization of buffer pool
191216 17:41:30  InnoDB: Started; log sequence number 0 44233
191216 20:22:40 [Note] Plugin 'FEDERATED' is disabled.
191216 20:22:40  InnoDB: Initializing buffer pool, size = 8.0M
191216 20:22:41  InnoDB: Completed initialization of buffer pool
191216 20:22:41  InnoDB: Started; log sequence number 0 44233
191216 20:26:32 [Note] Plugin 'FEDERATED' is disabled.
191216 20:26:32  InnoDB: Initializing buffer pool, size = 8.0M
191216 20:26:32  InnoDB: Completed initialization of buffer pool
191216 20:26:32  InnoDB: Started; log sequence number 0 44233
191216 20:28:13 [Note] Plugin 'FEDERATED' is disabled.
191216 20:28:13  InnoDB: Initializing buffer pool, size = 8.0M
191216 20:28:13  InnoDB: Completed initialization of buffer pool
191216 20:28:13  InnoDB: Started; log sequence number 0 44233
191216 20:30:38 [Note] Plugin 'FEDERATED' is disabled.
191216 20:30:38  InnoDB: Initializing buffer pool, size = 8.0M
191216 20:30:38  InnoDB: Completed initialization of buffer pool
191216 20:30:38  InnoDB: Started; log sequence number 0 44233
200120 22:50:45 [Note] Plugin 'FEDERATED' is disabled.
200120 22:50:45  InnoDB: Initializing buffer pool, size = 8.0M
200120 22:50:45  InnoDB: Completed initialization of buffer pool
200120 22:50:45  InnoDB: Started; log sequence number 0 44243
